<?xml version="1.0" encoding="UTF-8"?>
<testng-results ignored="0" total="1" passed="1" failed="0" skipped="0">
  <reporter-output>
  </reporter-output>
  <suite started-at="2022-08-19T14:35:03 IST" name="Default suite" finished-at="2022-08-19T14:43:08 IST" duration-ms="484101">
    <groups>
    </groups>
    <test started-at="2022-08-19T14:35:03 IST" name="Default test" finished-at="2022-08-19T14:43:08 IST" duration-ms="484101">
      <class name="pagesTestCasesYasasiiWeb.PatientDischarge_TestCasesYW">
        <test-method is-config="true" signature="setup()[pri:0, instance:pagesTestCasesYasasiiWeb.PatientDischarge_TestCasesYW@75d0911a]" started-at="2022-08-19T14:34:51 IST" name="setup" finished-at="2022-08-19T14:35:03 IST" duration-ms="12901" status="PASS">
          <reporter-output>
          </reporter-output>
        </test-method> <!-- setup -->
        <test-method is-config="true" signature="startTest()[pri:0, instance:pagesTestCasesYasasiiWeb.PatientDischarge_TestCasesYW@75d0911a]" started-at="2022-08-19T14:35:03 IST" name="startTest" finished-at="2022-08-19T14:35:04 IST" duration-ms="170" status="PASS">
          <reporter-output>
          </reporter-output>
        </test-method> <!-- startTest -->
        <test-method is-config="true" signature="navigateFOPage()[pri:0, instance:pagesTestCasesYasasiiWeb.PatientDischarge_TestCasesYW@75d0911a]" started-at="2022-08-19T14:35:04 IST" name="navigateFOPage" finished-at="2022-08-19T14:35:16 IST" duration-ms="12295" status="PASS">
          <reporter-output>
          </reporter-output>
        </test-method> <!-- navigateFOPage -->
        <test-method is-config="true" signature="getTestMethodProperties(java.lang.reflect.Method)[pri:0, instance:pagesTestCasesYasasiiWeb.PatientDischarge_TestCasesYW@75d0911a]" started-at="2022-08-19T14:35:16 IST" name="getTestMethodProperties" finished-at="2022-08-19T14:35:16 IST" duration-ms="8" status="PASS">
          <params>
            <param index="0">
              <value>
                <![CDATA[public void pagesTestCasesYasasiiWeb.PatientDischarge_TestCasesYW.patientdischarge1(java.lang.String,java.lang.String,java.lang.String,java.lang.String,java.lang.String,java.lang.String,java.lang.String,java.lang.String,java.lang.String) throws java.lang.InterruptedException,java.io.IOException,java.awt.AWTException]]>
              </value>
            </param>
          </params>
          <reporter-output>
          </reporter-output>
        </test-method> <!-- getTestMethodProperties -->
        <test-method signature="patientdischarge1(java.lang.String, java.lang.String, java.lang.String, java.lang.String, java.lang.String, java.lang.String, java.lang.String, java.lang.String, java.lang.String)[pri:0, instance:pagesTestCasesYasasiiWeb.PatientDischarge_TestCasesYW@75d0911a]" started-at="2022-08-19T14:35:16 IST" name="patientdischarge1" data-provider="getData" finished-at="2022-08-19T14:43:02 IST" duration-ms="466029" status="PASS">
          <params>
            <param index="0">
              <value>
                <![CDATA[G00000186622]]>
              </value>
            </param>
            <param index="1">
              <value>
                <![CDATA[Nur01]]>
              </value>
            </param>
            <param index="2">
              <value>
                <![CDATA[KAmeda123$]]>
              </value>
            </param>
            <param index="3">
              <value>
                <![CDATA[dep01]]>
              </value>
            </param>
            <param index="4">
              <value>
                <![CDATA[Rad001]]>
              </value>
            </param>
            <param index="5">
              <value>
                <![CDATA[med001]]>
              </value>
            </param>
            <param index="6">
              <value>
                <![CDATA[admin]]>
              </value>
            </param>
            <param index="7">
              <value>
                <![CDATA[kameda321]]>
              </value>
            </param>
            <param index="8">
              <value>
                <![CDATA[http://uathis.kimshealth.org/login]]>
              </value>
            </param>
          </params>
          <reporter-output>
          </reporter-output>
        </test-method> <!-- patientdischarge1 -->
        <test-method is-config="true" signature="getResult(org.testng.ITestResult)[pri:0, instance:pagesTestCasesYasasiiWeb.PatientDischarge_TestCasesYW@75d0911a]" started-at="2022-08-19T14:43:02 IST" name="getResult" finished-at="2022-08-19T14:43:02 IST" duration-ms="1" status="PASS">
          <params>
            <param index="0">
              <value>
                <![CDATA[[TestResult name=patientdischarge1 status=SUCCESS method=PatientDischarge_TestCasesYW.patientdischarge1(java.lang.String, java.lang.String, java.lang.String, java.lang.String, java.lang.String, java.lang.String, java.lang.String, java.lang.String, java.lang.String)[pri:0, instance:pagesTestCasesYasasiiWeb.PatientDischarge_TestCasesYW@75d0911a] output={null}]]]>
              </value>
            </param>
          </params>
          <reporter-output>
          </reporter-output>
        </test-method> <!-- getResult -->
        <test-method is-config="true" signature="logout()[pri:0, instance:pagesTestCasesYasasiiWeb.PatientDischarge_TestCasesYW@75d0911a]" started-at="2022-08-19T14:43:02 IST" name="logout" finished-at="2022-08-19T14:43:08 IST" duration-ms="5388" status="PASS">
          <reporter-output>
          </reporter-output>
        </test-method> <!-- logout -->
        <test-method is-config="true" signature="extentReportEnd()[pri:0, instance:pagesTestCasesYasasiiWeb.PatientDischarge_TestCasesYW@75d0911a]" started-at="2022-08-19T14:43:08 IST" name="extentReportEnd" finished-at="2022-08-19T14:43:08 IST" duration-ms="546" status="PASS">
          <reporter-output>
          </reporter-output>
        </test-method> <!-- extentReportEnd -->
        <test-method is-config="true" signature="teardown()[pri:0, instance:pagesTestCasesYasasiiWeb.PatientDischarge_TestCasesYW@75d0911a]" started-at="2022-08-19T14:43:08 IST" name="teardown" finished-at="2022-08-19T14:43:08 IST" duration-ms="49" status="PASS">
          <reporter-output>
          </reporter-output>
        </test-method> <!-- teardown -->
      </class> <!-- pagesTestCasesYasasiiWeb.PatientDischarge_TestCasesYW -->
    </test> <!-- Default test -->
  </suite> <!-- Default suite -->
</testng-results>
